  Game.cpp
  main.cpp
C:\Program Files\Microsoft Visual Studio\2022\Community\VC\Tools\MSVC\14.43.34808\include\xmemory(732,82): error C2665: 'Player::Player':ninguna función sobrecargada pudo convertir todos los tipos de argumento
  (compilando archivo de origen "Game.cpp")
      C:\Users\Usuario\Desktop\projecte\GAMECARD\gameCard\gameCard\Player.h(26,1):
      puede ser 'Player::Player(Player &&) noexcept(false)'
          C:\Program Files\Microsoft Visual Studio\2022\Community\VC\Tools\MSVC\14.43.34808\include\xmemory(732,82):
          'Player::Player(Player &&) noexcept(false)': el argumento 1 no puede convertirse de '_Ty' a 'Player &&'
          with
          [
              _Ty=std::string
          ]
              C:\Program Files\Microsoft Visual Studio\2022\Community\VC\Tools\MSVC\14.43.34808\include\xmemory(732,103):
              Razón: no se puede realizar la conversión de '_Ty' a 'Player'
          with
          [
              _Ty=std::string
          ]
              C:\Program Files\Microsoft Visual Studio\2022\Community\VC\Tools\MSVC\14.43.34808\include\xmemory(732,103):
              No hay disponible ningún operador de conversión definido por el usuario que pueda realizar esta conversión, o bien no se puede llamar al operador
      C:\Users\Usuario\Desktop\projecte\GAMECARD\gameCard\gameCard\Player.h(26,1):
      o       'Player::Player(const Player &)'
          C:\Program Files\Microsoft Visual Studio\2022\Community\VC\Tools\MSVC\14.43.34808\include\xmemory(732,82):
          'Player::Player(const Player &)': el argumento 1 no puede convertirse de '_Ty' a 'const Player &'
          with
          [
              _Ty=std::string
          ]
              C:\Program Files\Microsoft Visual Studio\2022\Community\VC\Tools\MSVC\14.43.34808\include\xmemory(732,103):
              Razón: no se puede realizar la conversión de '_Ty' a 'const Player'
          with
          [
              _Ty=std::string
          ]
              C:\Program Files\Microsoft Visual Studio\2022\Community\VC\Tools\MSVC\14.43.34808\include\xmemory(732,103):
              No hay disponible ningún operador de conversión definido por el usuario que pueda realizar esta conversión, o bien no se puede llamar al operador
      C:\Program Files\Microsoft Visual Studio\2022\Community\VC\Tools\MSVC\14.43.34808\include\xmemory(732,82):
      al hacer coincidir la lista de argumentos '(_Ty)'
          with
          [
              _Ty=std::string
          ]
      C:\Program Files\Microsoft Visual Studio\2022\Community\VC\Tools\MSVC\14.43.34808\include\xmemory(732,82):
      el contexto de creación de instancias de la plantilla (el más antiguo primero) es
          C:\Users\Usuario\Desktop\projecte\GAMECARD\gameCard\gameCard\Game.cpp(28,11):
          Vea la referencia a la creación de una instancia de la función plantilla "void std::vector<Player,std::allocator<Player>>::emplace_back<_Ty&>(_Ty &)" que se está compilando
          with
          [
              _Ty=std::string
          ]
              C:\Users\Usuario\Desktop\projecte\GAMECARD\gameCard\gameCard\Game.cpp(28,23):
              vea la primera referencia a “std::vector<Player,std::allocator<Player>>::emplace_back” en “Game::Game”
          C:\Program Files\Microsoft Visual Studio\2022\Community\VC\Tools\MSVC\14.43.34808\include\vector(909,24):
          Vea la referencia a la creación de una instancia de la función plantilla "_Ty &std::vector<_Ty,std::allocator<_Ty>>::_Emplace_one_at_back<std::basic_string<char,std::char_traits<char>,std::allocator<char>>&>(std::basic_string<char,std::char_traits<char>,std::allocator<char>> &)" que se está compilando
          with
          [
              _Ty=Player
          ]
          C:\Program Files\Microsoft Visual Studio\2022\Community\VC\Tools\MSVC\14.43.34808\include\vector(830,20):
          Vea la referencia a la creación de una instancia de la función plantilla "_Ty &std::vector<_Ty,std::allocator<_Ty>>::_Emplace_back_with_unused_capacity<std::basic_string<char,std::char_traits<char>,std::allocator<char>>&>(std::basic_string<char,std::char_traits<char>,std::allocator<char>> &)" que se está compilando
          with
          [
              _Ty=Player
          ]
          C:\Program Files\Microsoft Visual Studio\2022\Community\VC\Tools\MSVC\14.43.34808\include\vector(848,27):
          Vea la referencia a la creación de una instancia de la función plantilla "void std::_Default_allocator_traits<_Alloc>::construct<_Ty,std::basic_string<char,std::char_traits<char>,std::allocator<char>>&>(_Alloc &,_Objty *const ,std::basic_string<char,std::char_traits<char>,std::allocator<char>> &)" que se está compilando
          with
          [
              _Alloc=std::allocator<Player>,
              _Ty=Player,
              _Objty=Player
          ]
  
  Player.cpp
  Generando código...
